Determining if the pthread_create exist failed with the following output:
Change Dir: /home/reza/development/zkp/Tutorial/server/cmake-build-debug/CMakeFiles/CMakeTmp

Run Build Command:"/usr/bin/make" "cmTC_769b9/fast"
/usr/bin/make -f CMakeFiles/cmTC_769b9.dir/build.make CMakeFiles/cmTC_769b9.dir/build
make[1]: Entering directory '/home/reza/development/zkp/Tutorial/server/cmake-build-debug/CMakeFiles/CMakeTmp'
Building C object CMakeFiles/cmTC_769b9.dir/CheckSymbolExists.c.o
/usr/bin/cc    -o CMakeFiles/cmTC_769b9.dir/CheckSymbolExists.c.o   -c /home/reza/development/zkp/Tutorial/server/cmake-build-debug/CMakeFiles/CMakeTmp/CheckSymbolExists.c
Linking C executable cmTC_769b9
/home/reza/CLion/clion-2017.3.3/bin/cmake/bin/cmake -E cmake_link_script CMakeFiles/cmTC_769b9.dir/link.txt --verbose=1
/usr/bin/cc      CMakeFiles/cmTC_769b9.dir/CheckSymbolExists.c.o  -o cmTC_769b9 
CMakeFiles/cmTC_769b9.dir/CheckSymbolExists.c.o: In function `main':
CheckSymbolExists.c:(.text+0x16): undefined reference to `pthread_create'
collect2: error: ld returned 1 exit status
CMakeFiles/cmTC_769b9.dir/build.make:97: recipe for target 'cmTC_769b9' failed
make[1]: *** [cmTC_769b9] Error 1
make[1]: Leaving directory '/home/reza/development/zkp/Tutorial/server/cmake-build-debug/CMakeFiles/CMakeTmp'
Makefile:126: recipe for target 'cmTC_769b9/fast' failed
make: *** [cmTC_769b9/fast] Error 2

File /home/reza/development/zkp/Tutorial/server/cmake-build-debug/CMakeFiles/CMakeTmp/CheckSymbolExists.c:
/* */
#include <pthread.h>

int main(int argc, char** argv)
{
  (void)argv;
#ifndef pthread_create
  return ((int*)(&pthread_create))[argc];
#else
  (void)argc;
  return 0;
#endif
}

Determining if the function pthread_create exists in the pthreads failed with the following output:
Change Dir: /home/reza/development/zkp/Tutorial/server/cmake-build-debug/CMakeFiles/CMakeTmp

Run Build Command:"/usr/bin/make" "cmTC_ec71a/fast"
/usr/bin/make -f CMakeFiles/cmTC_ec71a.dir/build.make CMakeFiles/cmTC_ec71a.dir/build
make[1]: Entering directory '/home/reza/development/zkp/Tutorial/server/cmake-build-debug/CMakeFiles/CMakeTmp'
Building C object CMakeFiles/cmTC_ec71a.dir/CheckFunctionExists.c.o
/usr/bin/cc   -DCHECK_FUNCTION_EXISTS=pthread_create   -o CMakeFiles/cmTC_ec71a.dir/CheckFunctionExists.c.o   -c /home/reza/CLion/clion-2017.3.3/bin/cmake/share/cmake-3.9/Modules/CheckFunctionExists.c
Linking C executable cmTC_ec71a
/home/reza/CLion/clion-2017.3.3/bin/cmake/bin/cmake -E cmake_link_script CMakeFiles/cmTC_ec71a.dir/link.txt --verbose=1
/usr/bin/cc  -DCHECK_FUNCTION_EXISTS=pthread_create    CMakeFiles/cmTC_ec71a.dir/CheckFunctionExists.c.o  -o cmTC_ec71a -lpthreads 
/usr/bin/ld: cannot find -lpthreads
collect2: error: ld returned 1 exit status
CMakeFiles/cmTC_ec71a.dir/build.make:97: recipe for target 'cmTC_ec71a' failed
make[1]: *** [cmTC_ec71a] Error 1
make[1]: Leaving directory '/home/reza/development/zkp/Tutorial/server/cmake-build-debug/CMakeFiles/CMakeTmp'
Makefile:126: recipe for target 'cmTC_ec71a/fast' failed
make: *** [cmTC_ec71a/fast] Error 2


